<?xml version="1.0" encoding="UTF-8"?>
<!-- Generated by org.testng.reporters.JUnitReportReporter -->
<testsuite skipped="0" hostname="DESKTOP-N421JSS" name="apiTesteComRestAssured.GerenciarUsuario" tests="1" failures="0" timestamp="2022-08-08T14:27:02 BRT" time="3.859" errors="0">
  <testcase name="patchAtualizaUsuario" time="3.859" classname="apiTesteComRestAssured.GerenciarUsuario"/>
  <system-out/>
</testsuite> <!-- apiTesteComRestAssured.GerenciarUsuario -->
